UberClone/ParseStarterProject/build/intermediates/manifest_merge_blame_file/debug/manifest-merger-blame-debug-report.txt
1<?xml version="1.0" encoding="utf-8"?>
2<manifest xmlns:android="http://schemas.android.com/apk/res/android"
3    package="com.parse.starter"
4    android:versionCode="1"
5    android:versionName="1.0" >
6
7    <uses-sdk
8        android:minSdkVersion="26"
8-->src\main\AndroidManifest.xml
9        android:targetSdkVersion="29" />
9-->src\main\AndroidManifest.xml
10
11    <!--
12         The ACCESS_COARSE/FINE_LOCATION permissions are not required to use
13         Google Maps Android API v2, but you must specify either coarse or fine
14         location permissions for the 'MyLocation' functionality.
15    -->
16    <uses-permission android:name="android.permission.ACCESS_FINE_LOCATION" />
16-->src\main\AndroidManifest.xml:10:5-79
16-->src\main\AndroidManifest.xml:10:22-76
17    <uses-permission android:name="android.permission.INTERNET" />
17-->src\main\AndroidManifest.xml:11:5-67
17-->src\main\AndroidManifest.xml:11:22-64
18    <uses-permission android:name="android.permission.ACCESS_NETWORK_STATE" />
18-->src\main\AndroidManifest.xml:12:5-79
18-->src\main\AndroidManifest.xml:12:22-76
19    <uses-permission android:name="android.permission.READ_EXTERNAL_STORAGE" />
19-->src\main\AndroidManifest.xml:13:5-80
19-->src\main\AndroidManifest.xml:13:22-77
20
21    <uses-feature
21-->[com.google.android.gms:play-services-maps:12.0.1] AndroidManifest.xml:26:5-28:35
22        android:glEsVersion="0x00020000"
22-->[com.google.android.gms:play-services-maps:12.0.1] AndroidManifest.xml:27:9-41
23        android:required="true" /> <!-- Optional permission for Analytics to run. -->
23-->[com.google.android.gms:play-services-maps:12.0.1] AndroidManifest.xml:28:9-32
24    <uses-permission android:name="android.permission.WAKE_LOCK" /> <!-- Required by older versions of Google Play services to create GCM registration tokens -->
24-->[com.google.android.gms:play-services-analytics:12.0.1] AndroidManifest.xml:27:5-68
24-->[com.google.android.gms:play-services-analytics:12.0.1] AndroidManifest.xml:27:22-65
25    <uses-permission android:name="com.google.android.c2dm.permission.RECEIVE" />
25-->[com.google.android.gms:play-services-gcm:12.0.1] AndroidManifest.xml:23:5-82
25-->[com.google.android.gms:play-services-gcm:12.0.1] AndroidManifest.xml:23:22-79
26
27    <permission
27-->[com.google.firebase:firebase-iid:12.0.1] AndroidManifest.xml:28:5-30:47
28        android:name="com.parse.starter.permission.C2D_MESSAGE"
28-->[com.google.firebase:firebase-iid:12.0.1] AndroidManifest.xml:29:9-63
29        android:protectionLevel="signature" />
29-->[com.google.firebase:firebase-iid:12.0.1] AndroidManifest.xml:30:9-44
30
31    <uses-permission android:name="com.parse.starter.permission.C2D_MESSAGE" />
31-->[com.google.firebase:firebase-iid:12.0.1] AndroidManifest.xml:32:5-79
31-->[com.google.firebase:firebase-iid:12.0.1] AndroidManifest.xml:32:22-76
32
33    <application
33-->src\main\AndroidManifest.xml:15:5-55:19
34        android:name="com.parse.starter.StarterApplication"
34-->src\main\AndroidManifest.xml:16:9-43
35        android:allowBackup="true"
35-->src\main\AndroidManifest.xml:17:9-35
36        android:appComponentFactory="androidx.core.app.CoreComponentFactory"
36-->[androidx.core:core:1.0.0] AndroidManifest.xml:22:18-86
37        android:debuggable="true"
38        android:extractNativeLibs="false"
39        android:icon="@mipmap/ic_launcher"
39-->src\main\AndroidManifest.xml:18:9-43
40        android:label="@string/app_name"
40-->src\main\AndroidManifest.xml:19:9-41
41        android:theme="@style/AppTheme"
41-->src\main\AndroidManifest.xml:20:9-40
42        android:usesCleartextTraffic="true" >
42-->src\main\AndroidManifest.xml:21:9-44
43
44        <!--
45             The API key for Google Maps-based APIs is defined as a string resource.
46             (See the file "res/values/google_maps_api.xml").
47             Note that the API key is linked to the encryption key used to sign the APK.
48             You need a different API key for each encryption key, including the release key that is used to
49             sign the APK for publishing.
50             You can define the keys for the debug and release targets in src/debug/ and src/release/.
51        -->
52        <meta-data
52-->src\main\AndroidManifest.xml:31:9-33:55
53            android:name="com.google.android.geo.API_KEY"
53-->src\main\AndroidManifest.xml:32:13-58
54            android:value="@string/google_maps_key" />
54-->src\main\AndroidManifest.xml:33:13-52
55
56        <activity
56-->src\main\AndroidManifest.xml:35:9-37:79
57            android:name="com.parse.starter.DriverLocationActivity"
57-->src\main\AndroidManifest.xml:36:13-51
58            android:label="@string/title_activity_driver_location" />
58-->src\main\AndroidManifest.xml:37:13-67
59        <activity android:name="com.parse.starter.ViewRequestActivity" />
59-->src\main\AndroidManifest.xml:38:9-57
59-->src\main\AndroidManifest.xml:38:19-54
60        <activity
60-->src\main\AndroidManifest.xml:39:9-41:61
61            android:name="com.parse.starter.RidersActivity"
61-->src\main\AndroidManifest.xml:40:13-43
62            android:label="@string/title_activity_riders" />
62-->src\main\AndroidManifest.xml:41:13-58
63        <activity
63-->src\main\AndroidManifest.xml:42:9-50:20
64            android:name="com.parse.starter.MainActivity"
64-->src\main\AndroidManifest.xml:43:13-41
65            android:label="@string/app_name" >
65-->src\main\AndroidManifest.xml:44:13-45
66            <intent-filter>
66-->src\main\AndroidManifest.xml:45:13-49:29
67                <action android:name="android.intent.action.MAIN" />
67-->src\main\AndroidManifest.xml:46:17-69
67-->src\main\AndroidManifest.xml:46:25-66
68
69                <category android:name="android.intent.category.LAUNCHER" />
69-->src\main\AndroidManifest.xml:48:17-77
69-->src\main\AndroidManifest.xml:48:27-74
70            </intent-filter>
71        </activity>
72
73        <uses-library
73-->src\main\AndroidManifest.xml:52:9-54:40
74            android:name="org.apache.http.legacy"
74-->src\main\AndroidManifest.xml:53:13-50
75            android:required="false" />
75-->src\main\AndroidManifest.xml:54:13-37
76
77        <receiver android:name="com.google.android.gms.cast.framework.media.MediaIntentReceiver" />
77-->[com.google.android.gms:play-services-cast-framework:12.0.1] AndroidManifest.xml:8:9-100
77-->[com.google.android.gms:play-services-cast-framework:12.0.1] AndroidManifest.xml:8:19-97
78
79        <service android:name="com.google.android.gms.cast.framework.media.MediaNotificationService" />
79-->[com.google.android.gms:play-services-cast-framework:12.0.1] AndroidManifest.xml:10:9-104
79-->[com.google.android.gms:play-services-cast-framework:12.0.1] AndroidManifest.xml:10:18-101
80        <service android:name="com.google.android.gms.cast.framework.ReconnectionService" /> <!-- Include the AdActivity and InAppPurchaseActivity configChanges and themes. -->
80-->[com.google.android.gms:play-services-cast-framework:12.0.1] AndroidManifest.xml:11:9-93
80-->[com.google.android.gms:play-services-cast-framework:12.0.1] AndroidManifest.xml:11:18-90
81        <activity
81-->[com.google.android.gms:play-services-ads-lite:12.0.1] AndroidManifest.xml:29:9-33:64
82            android:name="com.google.android.gms.ads.AdActivity"
82-->[com.google.android.gms:play-services-ads-lite:12.0.1] AndroidManifest.xml:30:13-65
83            android:configChanges="keyboard|keyboardHidden|orientation|screenLayout|uiMode|screenSize|smallestScreenSize"
83-->[com.google.android.gms:play-services-ads-lite:12.0.1] AndroidManifest.xml:31:13-122
84            android:exported="false"
84-->[com.google.android.gms:play-services-ads-lite:12.0.1] AndroidManifest.xml:32:13-37
85            android:theme="@android:style/Theme.Translucent" />
85-->[com.google.android.gms:play-services-ads-lite:12.0.1] AndroidManifest.xml:33:13-61
86
87        <receiver
87-->[com.google.android.gms:play-services-analytics:12.0.1] AndroidManifest.xml:30:9-34:20
88            android:name="com.google.android.gms.analytics.AnalyticsReceiver"
88-->[com.google.android.gms:play-services-analytics:12.0.1] AndroidManifest.xml:31:13-78
89            android:enabled="true"
89-->[com.google.android.gms:play-services-analytics:12.0.1] AndroidManifest.xml:32:13-35
90            android:exported="false" >
90-->[com.google.android.gms:play-services-analytics:12.0.1] AndroidManifest.xml:33:13-37
91        </receiver>
92
93        <service
93-->[com.google.android.gms:play-services-analytics:12.0.1] AndroidManifest.xml:36:9-39:40
94            android:name="com.google.android.gms.analytics.AnalyticsService"
94-->[com.google.android.gms:play-services-analytics:12.0.1] AndroidManifest.xml:37:13-77
95            android:enabled="true"
95-->[com.google.android.gms:play-services-analytics:12.0.1] AndroidManifest.xml:38:13-35
96            android:exported="false" />
96-->[com.google.android.gms:play-services-analytics:12.0.1] AndroidManifest.xml:39:13-37
97        <service
97-->[com.google.android.gms:play-services-analytics:12.0.1] AndroidManifest.xml:40:9-44:72
98            android:name="com.google.android.gms.analytics.AnalyticsJobService"
98-->[com.google.android.gms:play-services-analytics:12.0.1] AndroidManifest.xml:41:13-80
99            android:enabled="true"
99-->[com.google.android.gms:play-services-analytics:12.0.1] AndroidManifest.xml:42:13-35
100            android:exported="false"
100-->[com.google.android.gms:play-services-analytics:12.0.1] AndroidManifest.xml:43:13-37
101            android:permission="android.permission.BIND_JOB_SERVICE" />
101-->[com.google.android.gms:play-services-analytics:12.0.1] AndroidManifest.xml:44:13-69
102
103        <activity
103-->[com.google.android.gms:play-services-appinvite:12.0.1] AndroidManifest.xml:25:9-34:20
104            android:name="com.google.android.gms.appinvite.PreviewActivity"
104-->[com.google.android.gms:play-services-appinvite:12.0.1] AndroidManifest.xml:26:13-76
105            android:exported="true"
105-->[com.google.android.gms:play-services-appinvite:12.0.1] AndroidManifest.xml:27:13-36
106            android:theme="@style/Theme.AppInvite.Preview" >
106-->[com.google.android.gms:play-services-appinvite:12.0.1] AndroidManifest.xml:28:13-59
107            <intent-filter>
107-->[com.google.android.gms:play-services-appinvite:12.0.1] AndroidManifest.xml:29:13-33:29
108                <action android:name="com.google.android.gms.appinvite.ACTION_PREVIEW" />
108-->[com.google.android.gms:play-services-appinvite:12.0.1] AndroidManifest.xml:30:17-90
108-->[com.google.android.gms:play-services-appinvite:12.0.1] AndroidManifest.xml:30:25-87
109
110                <category android:name="android.intent.category.DEFAULT" />
110-->[com.google.android.gms:play-services-appinvite:12.0.1] AndroidManifest.xml:32:17-76
110-->[com.google.android.gms:play-services-appinvite:12.0.1] AndroidManifest.xml:32:27-73
111            </intent-filter>
112        </activity>
113        <activity
113-->[com.google.android.gms:play-services-auth:12.0.1] AndroidManifest.xml:23:9-27:75
114            android:name="com.google.android.gms.auth.api.signin.internal.SignInHubActivity"
114-->[com.google.android.gms:play-services-auth:12.0.1] AndroidManifest.xml:24:13-93
115            android:excludeFromRecents="true"
115-->[com.google.android.gms:play-services-auth:12.0.1] AndroidManifest.xml:25:13-46
116            android:exported="false"
116-->[com.google.android.gms:play-services-auth:12.0.1] AndroidManifest.xml:26:13-37
117            android:theme="@android:style/Theme.Translucent.NoTitleBar" />
117-->[com.google.android.gms:play-services-auth:12.0.1] AndroidManifest.xml:27:13-72
118        <!--
119            Service handling Google Sign-In user revocation. For apps that do not integrate with
120            Google Sign-In, this service will never be started.
121        -->
122        <service
122-->[com.google.android.gms:play-services-auth:12.0.1] AndroidManifest.xml:33:9-36:110
123            android:name="com.google.android.gms.auth.api.signin.RevocationBoundService"
123-->[com.google.android.gms:play-services-auth:12.0.1] AndroidManifest.xml:34:13-89
124            android:exported="true"
124-->[com.google.android.gms:play-services-auth:12.0.1] AndroidManifest.xml:35:13-36
125            android:permission="com.google.android.gms.auth.api.signin.permission.REVOCATION_NOTIFICATION" />
125-->[com.google.android.gms:play-services-auth:12.0.1] AndroidManifest.xml:36:13-107
126
127        <activity
127-->[com.google.firebase:firebase-auth:12.0.1] AndroidManifest.xml:23:9-29:75
128            android:name="com.google.firebase.auth.internal.FederatedSignInActivity"
128-->[com.google.firebase:firebase-auth:12.0.1] AndroidManifest.xml:24:13-85
129            android:excludeFromRecents="true"
129-->[com.google.firebase:firebase-auth:12.0.1] AndroidManifest.xml:25:13-46
130            android:exported="true"
130-->[com.google.firebase:firebase-auth:12.0.1] AndroidManifest.xml:26:13-36
131            android:launchMode="singleInstance"
131-->[com.google.firebase:firebase-auth:12.0.1] AndroidManifest.xml:27:13-48
132            android:permission="com.google.firebase.auth.api.gms.permission.LAUNCH_FEDERATED_SIGN_IN"
132-->[com.google.firebase:firebase-auth:12.0.1] AndroidManifest.xml:28:13-102
133            android:theme="@android:style/Theme.Translucent.NoTitleBar" />
133-->[com.google.firebase:firebase-auth:12.0.1] AndroidManifest.xml:29:13-72
134        <activity
134-->[com.google.android.gms:play-services-base:12.0.1] AndroidManifest.xml:23:9-26:75
135            android:name="com.google.android.gms.common.api.GoogleApiActivity"
135-->[com.google.android.gms:play-services-base:12.0.1] AndroidManifest.xml:24:13-79
136            android:exported="false"
136-->[com.google.android.gms:play-services-base:12.0.1] AndroidManifest.xml:25:13-37
137            android:theme="@android:style/Theme.Translucent.NoTitleBar" />
137-->[com.google.android.gms:play-services-base:12.0.1] AndroidManifest.xml:26:13-72
138        <!--
139             FirebaseMessagingService performs security checks at runtime,
140             no need for explicit permissions despite exported="true"
141        -->
142        <service
142-->[com.google.firebase:firebase-messaging:12.0.1] AndroidManifest.xml:28:9-34:19
143            android:name="com.google.firebase.messaging.FirebaseMessagingService"
143-->[com.google.firebase:firebase-messaging:12.0.1] AndroidManifest.xml:29:13-82
144            android:exported="true" >
144-->[com.google.firebase:firebase-messaging:12.0.1] AndroidManifest.xml:30:13-36
145            <intent-filter android:priority="-500" >
145-->[com.google.firebase:firebase-messaging:12.0.1] AndroidManifest.xml:31:13-33:29
145-->[com.google.firebase:firebase-messaging:12.0.1] AndroidManifest.xml:31:28-51
146                <action android:name="com.google.firebase.MESSAGING_EVENT" />
146-->[com.google.firebase:firebase-messaging:12.0.1] AndroidManifest.xml:32:17-78
146-->[com.google.firebase:firebase-messaging:12.0.1] AndroidManifest.xml:32:25-75
147            </intent-filter>
148        </service>
149        <service
149-->[com.google.android.gms:play-services-tagmanager-api:12.0.1] AndroidManifest.xml:27:9-30:40
150            android:name="com.google.android.gms.tagmanager.TagManagerService"
150-->[com.google.android.gms:play-services-tagmanager-api:12.0.1] AndroidManifest.xml:28:13-79
151            android:enabled="true"
151-->[com.google.android.gms:play-services-tagmanager-api:12.0.1] AndroidManifest.xml:29:13-35
152            android:exported="false" />
152-->[com.google.android.gms:play-services-tagmanager-api:12.0.1] AndroidManifest.xml:30:13-37
153
154        <activity
154-->[com.google.android.gms:play-services-tagmanager-api:12.0.1] AndroidManifest.xml:32:9-44:20
155            android:name="com.google.android.gms.tagmanager.TagManagerPreviewActivity"
155-->[com.google.android.gms:play-services-tagmanager-api:12.0.1] AndroidManifest.xml:33:13-87
156            android:exported="true"
156-->[com.google.android.gms:play-services-tagmanager-api:12.0.1] AndroidManifest.xml:34:13-36
157            android:noHistory="true" > <!-- optional, removes the previewActivity from the activity stack. -->
157-->[com.google.android.gms:play-services-tagmanager-api:12.0.1] AndroidManifest.xml:35:13-37
158            <intent-filter>
158-->[com.google.android.gms:play-services-tagmanager-api:12.0.1] AndroidManifest.xml:36:13-43:29
159                <data android:scheme="tagmanager.c.com.parse.starter" />
159-->[com.google.android.gms:play-services-tagmanager-api:12.0.1] AndroidManifest.xml:37:17-72
159-->[com.google.android.gms:play-services-tagmanager-api:12.0.1] AndroidManifest.xml:37:23-69
160
161                <action android:name="android.intent.action.VIEW" />
161-->[com.google.android.gms:play-services-tagmanager-api:12.0.1] AndroidManifest.xml:39:17-69
161-->[com.google.android.gms:play-services-tagmanager-api:12.0.1] AndroidManifest.xml:39:25-66
162
163                <category android:name="android.intent.category.DEFAULT" />
163-->[com.google.android.gms:play-services-appinvite:12.0.1] AndroidManifest.xml:32:17-76
163-->[com.google.android.gms:play-services-appinvite:12.0.1] AndroidManifest.xml:32:27-73
164                <category android:name="android.intent.category.BROWSABLE" />
164-->[com.google.android.gms:play-services-tagmanager-api:12.0.1] AndroidManifest.xml:42:17-78
164-->[com.google.android.gms:play-services-tagmanager-api:12.0.1] AndroidManifest.xml:42:27-75
165            </intent-filter>
166        </activity>
167
168        <receiver
168-->[com.google.firebase:firebase-analytics:12.0.1] AndroidManifest.xml:28:9-32:20
169            android:name="com.google.android.gms.measurement.AppMeasurementReceiver"
169-->[com.google.firebase:firebase-analytics:12.0.1] AndroidManifest.xml:29:13-85
170            android:enabled="true"
170-->[com.google.firebase:firebase-analytics:12.0.1] AndroidManifest.xml:30:13-35
171            android:exported="false" >
171-->[com.google.firebase:firebase-analytics:12.0.1] AndroidManifest.xml:31:13-37
172        </receiver>
173        <receiver
173-->[com.google.firebase:firebase-analytics:12.0.1] AndroidManifest.xml:33:9-41:20
174            android:name="com.google.android.gms.measurement.AppMeasurementInstallReferrerReceiver"
174-->[com.google.firebase:firebase-analytics:12.0.1] AndroidManifest.xml:34:13-100
175            android:enabled="true"
175-->[com.google.firebase:firebase-analytics:12.0.1] AndroidManifest.xml:35:13-35
176            android:exported="true"
176-->[com.google.firebase:firebase-analytics:12.0.1] AndroidManifest.xml:36:13-36
177            android:permission="android.permission.INSTALL_PACKAGES" >
177-->[com.google.firebase:firebase-analytics:12.0.1] AndroidManifest.xml:37:13-69
178            <intent-filter>
178-->[com.google.firebase:firebase-analytics:12.0.1] AndroidManifest.xml:38:13-40:29
179                <action android:name="com.android.vending.INSTALL_REFERRER" />
179-->[com.google.firebase:firebase-analytics:12.0.1] AndroidManifest.xml:39:17-79
179-->[com.google.firebase:firebase-analytics:12.0.1] AndroidManifest.xml:39:25-76
180            </intent-filter>
181        </receiver>
182
183        <service
183-->[com.google.firebase:firebase-analytics:12.0.1] AndroidManifest.xml:43:9-46:40
184            android:name="com.google.android.gms.measurement.AppMeasurementService"
184-->[com.google.firebase:firebase-analytics:12.0.1] AndroidManifest.xml:44:13-84
185            android:enabled="true"
185-->[com.google.firebase:firebase-analytics:12.0.1] AndroidManifest.xml:45:13-35
186            android:exported="false" />
186-->[com.google.firebase:firebase-analytics:12.0.1] AndroidManifest.xml:46:13-37
187        <service
187-->[com.google.firebase:firebase-analytics:12.0.1] AndroidManifest.xml:47:9-51:72
188            android:name="com.google.android.gms.measurement.AppMeasurementJobService"
188-->[com.google.firebase:firebase-analytics:12.0.1] AndroidManifest.xml:48:13-87
189            android:enabled="true"
189-->[com.google.firebase:firebase-analytics:12.0.1] AndroidManifest.xml:49:13-35
190            android:exported="false"
190-->[com.google.firebase:firebase-analytics:12.0.1] AndroidManifest.xml:50:13-37
191            android:permission="android.permission.BIND_JOB_SERVICE" />
191-->[com.google.firebase:firebase-analytics:12.0.1] AndroidManifest.xml:51:13-69
192
193        <receiver
193-->[com.google.firebase:firebase-iid:12.0.1] AndroidManifest.xml:35:9-44:20
194            android:name="com.google.firebase.iid.FirebaseInstanceIdReceiver"
194-->[com.google.firebase:firebase-iid:12.0.1] AndroidManifest.xml:36:13-78
195            android:exported="true"
195-->[com.google.firebase:firebase-iid:12.0.1] AndroidManifest.xml:37:13-36
196            android:permission="com.google.android.c2dm.permission.SEND" >
196-->[com.google.firebase:firebase-iid:12.0.1] AndroidManifest.xml:38:13-73
197            <intent-filter>
197-->[com.google.firebase:firebase-iid:12.0.1] AndroidManifest.xml:39:13-43:29
198                <action android:name="com.google.android.c2dm.intent.RECEIVE" />
198-->[com.google.firebase:firebase-iid:12.0.1] AndroidManifest.xml:40:17-81
198-->[com.google.firebase:firebase-iid:12.0.1] AndroidManifest.xml:40:25-78
199
200                <category android:name="com.parse.starter" />
200-->[com.google.firebase:firebase-iid:12.0.1] AndroidManifest.xml:42:17-61
200-->[com.google.firebase:firebase-iid:12.0.1] AndroidManifest.xml:42:27-58
201            </intent-filter>
202        </receiver>
203        <!--
204             FirebaseInstanceIdService performs security checks at runtime,
205             no need for explicit permissions despite exported="true"
206        -->
207        <service
207-->[com.google.firebase:firebase-iid:12.0.1] AndroidManifest.xml:50:9-56:19
208            android:name="com.google.firebase.iid.FirebaseInstanceIdService"
208-->[com.google.firebase:firebase-iid:12.0.1] AndroidManifest.xml:51:13-77
209            android:exported="true" >
209-->[com.google.firebase:firebase-iid:12.0.1] AndroidManifest.xml:52:13-36
210            <intent-filter android:priority="-500" >
210-->[com.google.firebase:firebase-iid:12.0.1] AndroidManifest.xml:53:13-55:29
210-->[com.google.firebase:firebase-iid:12.0.1] AndroidManifest.xml:53:28-51
211                <action android:name="com.google.firebase.INSTANCE_ID_EVENT" />
211-->[com.google.firebase:firebase-iid:12.0.1] AndroidManifest.xml:54:17-80
211-->[com.google.firebase:firebase-iid:12.0.1] AndroidManifest.xml:54:25-77
212            </intent-filter>
213        </service>
214
215        <provider
215-->[com.google.firebase:firebase-common:12.0.1] AndroidManifest.xml:8:9-12:39
216            android:name="com.google.firebase.provider.FirebaseInitProvider"
216-->[com.google.firebase:firebase-common:12.0.1] AndroidManifest.xml:9:13-77
217            android:authorities="com.parse.starter.firebaseinitprovider"
217-->[com.google.firebase:firebase-common:12.0.1] AndroidManifest.xml:10:13-72
218            android:exported="false"
218-->[com.google.firebase:firebase-common:12.0.1] AndroidManifest.xml:11:13-37
219            android:initOrder="100" />
219-->[com.google.firebase:firebase-common:12.0.1] AndroidManifest.xml:12:13-36
220
221        <meta-data
221-->[com.google.android.gms:play-services-basement:12.0.1] AndroidManifest.xml:23:9-25:69
222            android:name="com.google.android.gms.version"
222-->[com.google.android.gms:play-services-basement:12.0.1] AndroidManifest.xml:24:13-58
223            android:value="@integer/google_play_services_version" />
223-->[com.google.android.gms:play-services-basement:12.0.1] AndroidManifest.xml:25:13-66
224    </application>
225
226</manifest>